<?xml version="1.0" encoding="UTF-8"?>
<testsuite name="RectangleTest" tests="1" skipped="0" failures="0" errors="0" timestamp="2022-04-26T18:48:03" hostname="moringa-Lenovo-ideapad-330-15IKB" time="0.156">
  <properties/>
  <testcase name="all_returnsAllInstancesOfRectangle_true()" classname="RectangleTest" time="0.156"/>
  <system-out><![CDATA[]]></system-out>
  <system-err><![CDATA[]]></system-err>
</testsuite>
