<?xml version="1.0" encoding="UTF-8"?>
<testsuite name="RectangleTest" tests="1" skipped="0" failures="0" errors="0" timestamp="2022-04-26T19:28:04" hostname="moringa-Lenovo-ideapad-330-15IKB" time="0.222">
  <properties/>
  <testcase name="area_returnsTheAreaOfTheRectangle_450()" classname="RectangleTest" time="0.222"/>
  <system-out><![CDATA[]]></system-out>
  <system-err><![CDATA[]]></system-err>
</testsuite>
